TN:
SF:C:\Users\John\Dev\modernTSWorkflow\app\joke.ts
FN:1,chicken
FN:4,stick
FNF:2
FNH:2
FNDA:2,chicken
FNDA:2,stick
DA:2,2
DA:5,2
LF:2
LH:2
BRF:0
BRH:0
end_of_record
TN:
SF:C:\Users\John\Dev\modernTSWorkflow\app\story.ts
FN:1,redRidingHood
FNF:1
FNH:1
FNDA:2,redRidingHood
DA:2,2
LF:1
LH:1
BRF:0
BRH:0
end_of_record
TN:
SF:C:\Users\John\dev\modernTSWorkflow\app\joke.ts
FN:1,chicken
FN:4,stick
FNF:2
FNH:2
FNDA:2,chicken
FNDA:2,stick
DA:2,2
DA:5,2
LF:2
LH:2
BRF:0
BRH:0
end_of_record
TN:
SF:C:\Users\John\dev\modernTSWorkflow\app\story.ts
FN:1,redRidingHood
FNF:1
FNH:1
FNDA:2,redRidingHood
DA:2,2
LF:1
LH:1
BRF:0
BRH:0
end_of_record
